Build started 27-11-2020 21:39:09.
     1>Project "F:\204101018_Vowel_Recog\204101018_Vowel_Recog\204101018_Vowel_Recog.vcxproj" on node 2 (build target(s)).
     1>InitializeBuildStatus:
         Creating "Debug\204101018_Vowel_Recog.unsuccessfulbuild" because "AlwaysCreate" was specified.
       ClCompile:
         C:\Program Files (x86)\Microsoft Visual Studio 10.0\VC\bin\CL.exe /c /ZI /nologo /W3 /WX- /Od /Oy- /D WIN32 /D _DEBUG /D _CONSOLE /D _UNICODE /D UNICODE /Gm /EHsc /RTC1 /MDd /GS /fp:precise /Zc:wchar_t /Zc:forScope /Yc"StdAfx.h" /Fp"Debug\204101018_Vowel_Recog.pch" /Fo"Debug\\" /Fd"Debug\vc100.pdb" /Gd /TP /analyze- /errorReport:prompt stdafx.cpp
         stdafx.cpp
         C:\Program Files (x86)\Microsoft Visual Studio 10.0\VC\bin\CL.exe /c /ZI /nologo /W3 /WX- /Od /Oy- /D WIN32 /D _DEBUG /D _CONSOLE /D _UNICODE /D UNICODE /Gm /EHsc /RTC1 /MDd /GS /fp:precise /Zc:wchar_t /Zc:forScope /Fo"Debug\\" /Fd"Debug\vc100.pdb" /Gd /TP /analyze- /errorReport:prompt 204101018_Vowel_Recog.cpp
         Skipping... (no relevant changes detected)
         204101018_Vowel_Recog.cpp
       ManifestResourceCompile:
         All outputs are up-to-date.
       Link:
         C:\Program Files (x86)\Microsoft Visual Studio 10.0\VC\bin\link.exe /ERRORREPORT:PROMPT /OUT:"F:\204101018_Vowel_Recog\Debug\204101018_Vowel_Recog.exe" /INCREMENTAL /NOLOGO kernel32.lib user32.lib gdi32.lib winspool.lib comdlg32.lib advapi32.lib shell32.lib ole32.lib oleaut32.lib uuid.lib odbc32.lib odbccp32.lib /MANIFEST /ManifestFile:"Debug\204101018_Vowel_Recog.exe.intermediate.manifest" /MANIFESTUAC:"level='asInvoker' uiAccess='false'" /DEBUG /PDB:"F:\204101018_Vowel_Recog\Debug\204101018_Vowel_Recog.pdb" /STACK:"16000000000" /TLBID:1 /DYNAMICBASE /NXCOMPAT /IMPLIB:"F:\204101018_Vowel_Recog\Debug\204101018_Vowel_Recog.lib" /MACHINE:X86 Debug\204101018_Vowel_Recog.exe.embed.manifest.res
         Debug\204101018_Vowel_Recog.obj
         Debug\stdafx.obj
       Manifest:
         C:\Program Files (x86)\Microsoft SDKs\Windows\v7.0A\bin\mt.exe /nologo /verbose /out:"Debug\204101018_Vowel_Recog.exe.embed.manifest" /manifest Debug\204101018_Vowel_Recog.exe.intermediate.manifest
         All outputs are up-to-date.
       LinkEmbedManifest:
         All outputs are up-to-date.
         204101018_Vowel_Recog.vcxproj -> F:\204101018_Vowel_Recog\Debug\204101018_Vowel_Recog.exe
       FinalizeBuildStatus:
         Deleting file "Debug\204101018_Vowel_Recog.unsuccessfulbuild".
         Touching "Debug\204101018_Vowel_Recog.lastbuildstate".
     1>Done Building Project "F:\204101018_Vowel_Recog\204101018_Vowel_Recog\204101018_Vowel_Recog.vcxproj" (build target(s)).

Build succeeded.

Time Elapsed 00:00:03.00
