F:\204101018_VOWEL_RECOG\204101018_VOWEL_RECOG\DEBUG\204101018_VOWEL_RECOG.EXE.EMBED.MANIFEST
F:\204101018_VOWEL_RECOG\204101018_VOWEL_RECOG\DEBUG\204101018_VOWEL_RECOG.EXE.EMBED.MANIFEST.RES
F:\204101018_VOWEL_RECOG\204101018_VOWEL_RECOG\DEBUG\204101018_VOWEL_RECOG.EXE.INTERMEDIATE.MANIFEST
F:\204101018_VOWEL_RECOG\204101018_VOWEL_RECOG\DEBUG\204101018_VOWEL_RECOG.OBJ
F:\204101018_VOWEL_RECOG\204101018_VOWEL_RECOG\DEBUG\204101018_VOWEL_RECOG.PCH
F:\204101018_Vowel_Recog\204101018_Vowel_Recog\Debug\204101018_Vowel_Recog.write.1.tlog
F:\204101018_Vowel_Recog\204101018_Vowel_Recog\Debug\204101018_Vowel_Recog_manifest.rc
F:\204101018_Vowel_Recog\204101018_Vowel_Recog\Debug\cl.command.1.tlog
F:\204101018_Vowel_Recog\204101018_Vowel_Recog\Debug\CL.read.1.tlog
F:\204101018_Vowel_Recog\204101018_Vowel_Recog\Debug\CL.write.1.tlog
F:\204101018_Vowel_Recog\204101018_Vowel_Recog\Debug\link.2544.read.1.tlog
F:\204101018_Vowel_Recog\204101018_Vowel_Recog\Debug\link.2544.write.1.tlog
F:\204101018_Vowel_Recog\204101018_Vowel_Recog\Debug\link.2544-cvtres.read.1.tlog
F:\204101018_Vowel_Recog\204101018_Vowel_Recog\Debug\link.2544-cvtres.write.1.tlog
F:\204101018_Vowel_Recog\204101018_Vowel_Recog\Debug\link.command.1.tlog
F:\204101018_Vowel_Recog\204101018_Vowel_Recog\Debug\link.read.1.tlog
F:\204101018_Vowel_Recog\204101018_Vowel_Recog\Debug\link.write.1.tlog
F:\204101018_Vowel_Recog\204101018_Vowel_Recog\Debug\link-cvtres.read.1.tlog
F:\204101018_Vowel_Recog\204101018_Vowel_Recog\Debug\link-cvtres.write.1.tlog
F:\204101018_Vowel_Recog\204101018_Vowel_Recog\Debug\mt.command.1.tlog
F:\204101018_Vowel_Recog\204101018_Vowel_Recog\Debug\mt.read.1.tlog
F:\204101018_Vowel_Recog\204101018_Vowel_Recog\Debug\mt.write.1.tlog
F:\204101018_Vowel_Recog\204101018_Vowel_Recog\Debug\rc.command.1.tlog
F:\204101018_Vowel_Recog\204101018_Vowel_Recog\Debug\rc.read.1.tlog
F:\204101018_Vowel_Recog\204101018_Vowel_Recog\Debug\rc.write.1.tlog
F:\204101018_VOWEL_RECOG\204101018_VOWEL_RECOG\DEBUG\STDAFX.OBJ
F:\204101018_Vowel_Recog\204101018_Vowel_Recog\Debug\vc100.idb
F:\204101018_VOWEL_RECOG\204101018_VOWEL_RECOG\DEBUG\VC100.PDB
F:\204101018_VOWEL_RECOG\DEBUG\204101018_VOWEL_RECOG.EXE
F:\204101018_VOWEL_RECOG\DEBUG\204101018_VOWEL_RECOG.ILK
F:\204101018_VOWEL_RECOG\DEBUG\204101018_VOWEL_RECOG.PDB
